<?xml version="1.0" encoding="UTF-8"?>
<testng-results skipped="0" failed="0" ignored="0" total="1" passed="1">
  <reporter-output>
  </reporter-output>
  <suite name="Default suite" duration-ms="40839" started-at="2017-05-05T12:18:47Z" finished-at="2017-05-05T12:19:28Z">
    <groups>
    </groups>
    <test name="Default test" duration-ms="40839" started-at="2017-05-05T12:18:47Z" finished-at="2017-05-05T12:19:28Z">
      <class name="com.tests.TestLoginForApplicaion">
        <test-method status="PASS" signature="initialise()[pri:0, instance:com.tests.TestLoginForApplicaion@1a3af25]" name="initialise" is-config="true" duration-ms="9223" started-at="2017-05-05T17:48:47Z" finished-at="2017-05-05T17:48:56Z">
          <reporter-output>
          </reporter-output>
        </test-method> <!-- initialise -->
        <test-method status="PASS" signature="loginAndVerifyTitle()[pri:0, instance:com.tests.TestLoginForApplicaion@1a3af25]" name="loginAndVerifyTitle" duration-ms="29537" started-at="2017-05-05T17:48:56Z" finished-at="2017-05-05T17:49:26Z">
          <reporter-output>
          </reporter-output>
        </test-method> <!-- loginAndVerifyTitle -->
        <test-method status="PASS" signature="closeInstance()[pri:0, instance:com.tests.TestLoginForApplicaion@1a3af25]" name="closeInstance" is-config="true" duration-ms="2063" started-at="2017-05-05T17:49:26Z" finished-at="2017-05-05T17:49:28Z">
          <reporter-output>
          </reporter-output>
        </test-method> <!-- closeInstance -->
      </class> <!-- com.tests.TestLoginForApplicaion -->
    </test> <!-- Default test -->
  </suite> <!-- Default suite -->
</testng-results>
